<?xml version="1.0" encoding="UTF-8"?>
<testng-results skipped="0" failed="0" ignored="0" total="2" passed="2">
  <reporter-output>
  </reporter-output>
  <suite name="Suite" duration-ms="17629" started-at="2020-08-03T11:00:13 IST" finished-at="2020-08-03T11:00:30 IST">
    <groups>
    </groups>
    <test name="ChromeTest" duration-ms="12835" started-at="2020-08-03T11:00:13 IST" finished-at="2020-08-03T11:00:26 IST">
      <class name="Org.qsp.testNGdemo.ParallelBrowser">
        <test-method status="PASS" signature="bm(java.lang.String)[pri:0, instance:Org.qsp.testNGdemo.ParallelBrowser@51cdd8a]" name="bm" is-config="true" duration-ms="7031" started-at="2020-08-03T11:00:13 IST" finished-at="2020-08-03T11:00:20 IST">
          <params>
            <param index="0">
              <value>
                <![CDATA[chrome]]>
              </value>
            </param>
          </params>
          <reporter-output>
          </reporter-output>
        </test-method> <!-- bm -->
        <test-method status="PASS" signature="m()[pri:0, instance:Org.qsp.testNGdemo.ParallelBrowser@51cdd8a]" name="m" duration-ms="5752" started-at="2020-08-03T11:00:20 IST" finished-at="2020-08-03T11:00:26 IST">
          <reporter-output>
          </reporter-output>
        </test-method> <!-- m -->
      </class> <!-- Org.qsp.testNGdemo.ParallelBrowser -->
    </test> <!-- ChromeTest -->
    <test name="FirefoxTest" duration-ms="17629" started-at="2020-08-03T11:00:13 IST" finished-at="2020-08-03T11:00:30 IST">
      <class name="Org.qsp.testNGdemo.ParallelBrowser">
        <test-method status="PASS" signature="bm(java.lang.String)[pri:0, instance:Org.qsp.testNGdemo.ParallelBrowser@3cef309d]" name="bm" is-config="true" duration-ms="6239" started-at="2020-08-03T11:00:13 IST" finished-at="2020-08-03T11:00:19 IST">
          <params>
            <param index="0">
              <value>
                <![CDATA[firefox]]>
              </value>
            </param>
          </params>
          <reporter-output>
          </reporter-output>
        </test-method> <!-- bm -->
        <test-method status="PASS" signature="m()[pri:0, instance:Org.qsp.testNGdemo.ParallelBrowser@3cef309d]" name="m" duration-ms="11346" started-at="2020-08-03T11:00:19 IST" finished-at="2020-08-03T11:00:30 IST">
          <reporter-output>
          </reporter-output>
        </test-method> <!-- m -->
      </class> <!-- Org.qsp.testNGdemo.ParallelBrowser -->
    </test> <!-- FirefoxTest -->
  </suite> <!-- Suite -->
</testng-results>
